CRITICAL - 2022-07-31 00:07:12 --> Undefined variable $title
in APPPATH\Views\layout\header.php on line 10.
 1 APPPATH\Views\layout\header.php(10): CodeIgniter\Debug\Exceptions->errorHandler(2, 'Undefined variable $title', 'APPPATH\\Views\\layout\\header.php', 10)
 2 SYSTEMPATH\View\View.php(213): include('APPPATH\\Views\\layout\\header.php')
 3 SYSTEMPATH\View\View.php(216): CodeIgniter\View\View->CodeIgniter\View\{closure}()
 4 SYSTEMPATH\View\View.php(429): CodeIgniter\View\View->render('layout/header', null, true)
 5 APPPATH\Views\layout\main.php(32): CodeIgniter\View\View->include('layout/header')
 6 SYSTEMPATH\View\View.php(213): include('APPPATH\\Views\\layout\\main.php')
 7 SYSTEMPATH\View\View.php(216): CodeIgniter\View\View->CodeIgniter\View\{closure}()
 8 SYSTEMPATH\View\View.php(229): CodeIgniter\View\View->render('layout/main', [], true)
 9 SYSTEMPATH\Common.php(1135): CodeIgniter\View\View->render('tickets/index', [], true)
10 APPPATH\Controllers\TicketController.php(32): view('tickets/index', [...])
11 SYSTEMPATH\CodeIgniter.php(896): App\Controllers\TicketController->index()
12 SYSTEMPATH\CodeIgniter.php(466): CodeIgniter\CodeIgniter->runController(Object(App\Controllers\TicketController))
13 SYSTEMPATH\CodeIgniter.php(349): CodeIgniter\CodeIgniter->handleRequest(null, Object(Config\Cache), false)
14 FCPATH\index.php(55): CodeIgniter\CodeIgniter->run()
15 SYSTEMPATH\Commands\Server\rewrite.php(43): require_once('FCPATH\\index.php')
CRITICAL - 2022-07-31 00:10:24 --> Undefined variable $title
in APPPATH\Views\layout\header.php on line 10.
 1 APPPATH\Views\layout\header.php(10): CodeIgniter\Debug\Exceptions->errorHandler(2, 'Undefined variable $title', 'APPPATH\\Views\\layout\\header.php', 10)
 2 SYSTEMPATH\View\View.php(213): include('APPPATH\\Views\\layout\\header.php')
 3 SYSTEMPATH\View\View.php(216): CodeIgniter\View\View->CodeIgniter\View\{closure}()
 4 SYSTEMPATH\View\View.php(429): CodeIgniter\View\View->render('layout/header', null, true)
 5 APPPATH\Views\layout\main.php(32): CodeIgniter\View\View->include('layout/header')
 6 SYSTEMPATH\View\View.php(213): include('APPPATH\\Views\\layout\\main.php')
 7 SYSTEMPATH\View\View.php(216): CodeIgniter\View\View->CodeIgniter\View\{closure}()
 8 SYSTEMPATH\View\View.php(229): CodeIgniter\View\View->render('layout/main', [], true)
 9 SYSTEMPATH\Common.php(1135): CodeIgniter\View\View->render('tickets/index', [], true)
10 APPPATH\Controllers\TicketController.php(49): view('tickets/index', [...])
11 SYSTEMPATH\CodeIgniter.php(896): App\Controllers\TicketController->index()
12 SYSTEMPATH\CodeIgniter.php(466): CodeIgniter\CodeIgniter->runController(Object(App\Controllers\TicketController))
13 SYSTEMPATH\CodeIgniter.php(349): CodeIgniter\CodeIgniter->handleRequest(null, Object(Config\Cache), false)
14 FCPATH\index.php(55): CodeIgniter\CodeIgniter->run()
15 SYSTEMPATH\Commands\Server\rewrite.php(43): require_once('FCPATH\\index.php')
CRITICAL - 2022-07-31 00:11:32 --> Undefined variable $title
in APPPATH\Views\layout\header.php on line 10.
 1 APPPATH\Views\layout\header.php(10): CodeIgniter\Debug\Exceptions->errorHandler(2, 'Undefined variable $title', 'APPPATH\\Views\\layout\\header.php', 10)
 2 SYSTEMPATH\View\View.php(213): include('APPPATH\\Views\\layout\\header.php')
 3 SYSTEMPATH\View\View.php(216): CodeIgniter\View\View->CodeIgniter\View\{closure}()
 4 SYSTEMPATH\View\View.php(429): CodeIgniter\View\View->render('layout/header', null, true)
 5 APPPATH\Views\layout\main.php(32): CodeIgniter\View\View->include('layout/header')
 6 SYSTEMPATH\View\View.php(213): include('APPPATH\\Views\\layout\\main.php')
 7 SYSTEMPATH\View\View.php(216): CodeIgniter\View\View->CodeIgniter\View\{closure}()
 8 SYSTEMPATH\View\View.php(229): CodeIgniter\View\View->render('layout/main', [], true)
 9 SYSTEMPATH\Common.php(1135): CodeIgniter\View\View->render('tickets/index', [], true)
10 APPPATH\Controllers\TicketController.php(47): view('tickets/index', [...])
11 SYSTEMPATH\CodeIgniter.php(896): App\Controllers\TicketController->index()
12 SYSTEMPATH\CodeIgniter.php(466): CodeIgniter\CodeIgniter->runController(Object(App\Controllers\TicketController))
13 SYSTEMPATH\CodeIgniter.php(349): CodeIgniter\CodeIgniter->handleRequest(null, Object(Config\Cache), false)
14 FCPATH\index.php(55): CodeIgniter\CodeIgniter->run()
15 SYSTEMPATH\Commands\Server\rewrite.php(43): require_once('FCPATH\\index.php')
ERROR - 2022-07-31 11:53:09 --> Error connecting to the database: No se puede establecer una conexión ya que el equipo de destino denegó expresamente dicha conexión
CRITICAL - 2022-07-31 11:53:09 --> Unable to connect to the database.
Main connection [MySQLi]: No se puede establecer una conexión ya que el equipo de destino denegó expresamente dicha conexión
in SYSTEMPATH\Database\BaseConnection.php on line 416.
 1 SYSTEMPATH\Database\BaseConnection.php(586): CodeIgniter\Database\BaseConnection->initialize()
 2 SYSTEMPATH\Database\BaseBuilder.php(1614): CodeIgniter\Database\BaseConnection->query('SELECT COUNT(*) AS `numrows` FROM `tickets`', null, false)
 3 APPPATH\Controllers\TicketController.php(34): CodeIgniter\Database\BaseBuilder->countAll()
 4 SYSTEMPATH\CodeIgniter.php(896): App\Controllers\TicketController->index()
 5 SYSTEMPATH\CodeIgniter.php(466): CodeIgniter\CodeIgniter->runController(Object(App\Controllers\TicketController))
 6 SYSTEMPATH\CodeIgniter.php(349): CodeIgniter\CodeIgniter->handleRequest(null, Object(Config\Cache), false)
 7 FCPATH\index.php(55): CodeIgniter\CodeIgniter->run()
 8 SYSTEMPATH\Commands\Server\rewrite.php(43): require_once('FCPATH\\index.php')
ERROR - 2022-07-31 11:53:14 --> Error connecting to the database: No se puede establecer una conexión ya que el equipo de destino denegó expresamente dicha conexión
CRITICAL - 2022-07-31 11:53:14 --> Unable to connect to the database.
Main connection [MySQLi]: No se puede establecer una conexión ya que el equipo de destino denegó expresamente dicha conexión
in SYSTEMPATH\Database\BaseConnection.php on line 416.
 1 SYSTEMPATH\Database\BaseConnection.php(586): CodeIgniter\Database\BaseConnection->initialize()
 2 SYSTEMPATH\Database\BaseBuilder.php(1614): CodeIgniter\Database\BaseConnection->query('SELECT COUNT(*) AS `numrows` FROM `tickets`', null, false)
 3 APPPATH\Controllers\TicketController.php(34): CodeIgniter\Database\BaseBuilder->countAll()
 4 SYSTEMPATH\CodeIgniter.php(896): App\Controllers\TicketController->index()
 5 SYSTEMPATH\CodeIgniter.php(466): CodeIgniter\CodeIgniter->runController(Object(App\Controllers\TicketController))
 6 SYSTEMPATH\CodeIgniter.php(349): CodeIgniter\CodeIgniter->handleRequest(null, Object(Config\Cache), false)
 7 FCPATH\index.php(55): CodeIgniter\CodeIgniter->run()
 8 SYSTEMPATH\Commands\Server\rewrite.php(43): require_once('FCPATH\\index.php')
CRITICAL - 2022-07-31 11:54:40 --> Call to a member function where() on array
in APPPATH\Controllers\TicketController.php on line 69.
 1 SYSTEMPATH\CodeIgniter.php(896): App\Controllers\TicketController->show('20')
 2 SYSTEMPATH\CodeIgniter.php(466): CodeIgniter\CodeIgniter->runController(Object(App\Controllers\TicketController))
 3 SYSTEMPATH\CodeIgniter.php(349): CodeIgniter\CodeIgniter->handleRequest(null, Object(Config\Cache), false)
 4 FCPATH\index.php(55): CodeIgniter\CodeIgniter->run()
 5 SYSTEMPATH\Commands\Server\rewrite.php(43): require_once('FCPATH\\index.php')
CRITICAL - 2022-07-31 11:55:19 --> Call to a member function where() on array
in APPPATH\Controllers\TicketController.php on line 69.
 1 SYSTEMPATH\CodeIgniter.php(896): App\Controllers\TicketController->show('20')
 2 SYSTEMPATH\CodeIgniter.php(466): CodeIgniter\CodeIgniter->runController(Object(App\Controllers\TicketController))
 3 SYSTEMPATH\CodeIgniter.php(349): CodeIgniter\CodeIgniter->handleRequest(null, Object(Config\Cache), false)
 4 FCPATH\index.php(55): CodeIgniter\CodeIgniter->run()
 5 SYSTEMPATH\Commands\Server\rewrite.php(43): require_once('FCPATH\\index.php')
CRITICAL - 2022-07-31 14:36:13 --> Undefined array key "HTTP_REFERER"
in APPPATH\Views\tickets\show.php on line 8.
 1 APPPATH\Views\tickets\show.php(8): CodeIgniter\Debug\Exceptions->errorHandler(2, 'Undefined array key "HTTP_REFERER"', 'APPPATH\\Views\\tickets\\show.php', 8)
 2 SYSTEMPATH\View\View.php(213): include('APPPATH\\Views\\tickets\\show.php')
 3 SYSTEMPATH\View\View.php(216): CodeIgniter\View\View->CodeIgniter\View\{closure}()
 4 SYSTEMPATH\Common.php(1135): CodeIgniter\View\View->render('tickets/show', [], true)
 5 APPPATH\Controllers\TicketController.php(75): view('tickets/show', [...])
 6 SYSTEMPATH\CodeIgniter.php(896): App\Controllers\TicketController->show('19')
 7 SYSTEMPATH\CodeIgniter.php(466): CodeIgniter\CodeIgniter->runController(Object(App\Controllers\TicketController))
 8 SYSTEMPATH\CodeIgniter.php(349): CodeIgniter\CodeIgniter->handleRequest(null, Object(Config\Cache), false)
 9 FCPATH\index.php(55): CodeIgniter\CodeIgniter->run()
10 SYSTEMPATH\Commands\Server\rewrite.php(43): require_once('FCPATH\\index.php')
CRITICAL - 2022-07-31 14:36:21 --> Undefined array key "HTTP_REFERER"
in APPPATH\Views\tickets\show.php on line 8.
 1 APPPATH\Views\tickets\show.php(8): CodeIgniter\Debug\Exceptions->errorHandler(2, 'Undefined array key "HTTP_REFERER"', 'APPPATH\\Views\\tickets\\show.php', 8)
 2 SYSTEMPATH\View\View.php(213): include('APPPATH\\Views\\tickets\\show.php')
 3 SYSTEMPATH\View\View.php(216): CodeIgniter\View\View->CodeIgniter\View\{closure}()
 4 SYSTEMPATH\Common.php(1135): CodeIgniter\View\View->render('tickets/show', [], true)
 5 APPPATH\Controllers\TicketController.php(75): view('tickets/show', [...])
 6 SYSTEMPATH\CodeIgniter.php(896): App\Controllers\TicketController->show('19')
 7 SYSTEMPATH\CodeIgniter.php(466): CodeIgniter\CodeIgniter->runController(Object(App\Controllers\TicketController))
 8 SYSTEMPATH\CodeIgniter.php(349): CodeIgniter\CodeIgniter->handleRequest(null, Object(Config\Cache), false)
 9 FCPATH\index.php(55): CodeIgniter\CodeIgniter->run()
10 SYSTEMPATH\Commands\Server\rewrite.php(43): require_once('FCPATH\\index.php')
CRITICAL - 2022-07-31 14:36:29 --> Undefined array key "HTTP_REFERER"
in APPPATH\Views\tickets\show.php on line 8.
 1 APPPATH\Views\tickets\show.php(8): CodeIgniter\Debug\Exceptions->errorHandler(2, 'Undefined array key "HTTP_REFERER"', 'APPPATH\\Views\\tickets\\show.php', 8)
 2 SYSTEMPATH\View\View.php(213): include('APPPATH\\Views\\tickets\\show.php')
 3 SYSTEMPATH\View\View.php(216): CodeIgniter\View\View->CodeIgniter\View\{closure}()
 4 SYSTEMPATH\Common.php(1135): CodeIgniter\View\View->render('tickets/show', [], true)
 5 APPPATH\Controllers\TicketController.php(75): view('tickets/show', [...])
 6 SYSTEMPATH\CodeIgniter.php(896): App\Controllers\TicketController->show('19')
 7 SYSTEMPATH\CodeIgniter.php(466): CodeIgniter\CodeIgniter->runController(Object(App\Controllers\TicketController))
 8 SYSTEMPATH\CodeIgniter.php(349): CodeIgniter\CodeIgniter->handleRequest(null, Object(Config\Cache), false)
 9 FCPATH\index.php(55): CodeIgniter\CodeIgniter->run()
10 SYSTEMPATH\Commands\Server\rewrite.php(43): require_once('FCPATH\\index.php')
CRITICAL - 2022-07-31 14:36:31 --> Undefined array key "HTTP_REFERER"
in APPPATH\Views\tickets\show.php on line 8.
 1 APPPATH\Views\tickets\show.php(8): CodeIgniter\Debug\Exceptions->errorHandler(2, 'Undefined array key "HTTP_REFERER"', 'APPPATH\\Views\\tickets\\show.php', 8)
 2 SYSTEMPATH\View\View.php(213): include('APPPATH\\Views\\tickets\\show.php')
 3 SYSTEMPATH\View\View.php(216): CodeIgniter\View\View->CodeIgniter\View\{closure}()
 4 SYSTEMPATH\Common.php(1135): CodeIgniter\View\View->render('tickets/show', [], true)
 5 APPPATH\Controllers\TicketController.php(75): view('tickets/show', [...])
 6 SYSTEMPATH\CodeIgniter.php(896): App\Controllers\TicketController->show('19')
 7 SYSTEMPATH\CodeIgniter.php(466): CodeIgniter\CodeIgniter->runController(Object(App\Controllers\TicketController))
 8 SYSTEMPATH\CodeIgniter.php(349): CodeIgniter\CodeIgniter->handleRequest(null, Object(Config\Cache), false)
 9 FCPATH\index.php(55): CodeIgniter\CodeIgniter->run()
10 SYSTEMPATH\Commands\Server\rewrite.php(43): require_once('FCPATH\\index.php')
CRITICAL - 2022-07-31 14:36:41 --> Undefined array key "HTTP_REFERER"
in APPPATH\Views\tickets\show.php on line 8.
 1 APPPATH\Views\tickets\show.php(8): CodeIgniter\Debug\Exceptions->errorHandler(2, 'Undefined array key "HTTP_REFERER"', 'APPPATH\\Views\\tickets\\show.php', 8)
 2 SYSTEMPATH\View\View.php(213): include('APPPATH\\Views\\tickets\\show.php')
 3 SYSTEMPATH\View\View.php(216): CodeIgniter\View\View->CodeIgniter\View\{closure}()
 4 SYSTEMPATH\Common.php(1135): CodeIgniter\View\View->render('tickets/show', [], true)
 5 APPPATH\Controllers\TicketController.php(75): view('tickets/show', [...])
 6 SYSTEMPATH\CodeIgniter.php(896): App\Controllers\TicketController->show('19')
 7 SYSTEMPATH\CodeIgniter.php(466): CodeIgniter\CodeIgniter->runController(Object(App\Controllers\TicketController))
 8 SYSTEMPATH\CodeIgniter.php(349): CodeIgniter\CodeIgniter->handleRequest(null, Object(Config\Cache), false)
 9 FCPATH\index.php(55): CodeIgniter\CodeIgniter->run()
10 SYSTEMPATH\Commands\Server\rewrite.php(43): require_once('FCPATH\\index.php')
CRITICAL - 2022-07-31 14:36:57 --> Undefined array key "HTTP_REFERER"
in APPPATH\Views\tickets\show.php on line 8.
 1 APPPATH\Views\tickets\show.php(8): CodeIgniter\Debug\Exceptions->errorHandler(2, 'Undefined array key "HTTP_REFERER"', 'APPPATH\\Views\\tickets\\show.php', 8)
 2 SYSTEMPATH\View\View.php(213): include('APPPATH\\Views\\tickets\\show.php')
 3 SYSTEMPATH\View\View.php(216): CodeIgniter\View\View->CodeIgniter\View\{closure}()
 4 SYSTEMPATH\Common.php(1135): CodeIgniter\View\View->render('tickets/show', [], true)
 5 APPPATH\Controllers\TicketController.php(75): view('tickets/show', [...])
 6 SYSTEMPATH\CodeIgniter.php(896): App\Controllers\TicketController->show('19')
 7 SYSTEMPATH\CodeIgniter.php(466): CodeIgniter\CodeIgniter->runController(Object(App\Controllers\TicketController))
 8 SYSTEMPATH\CodeIgniter.php(349): CodeIgniter\CodeIgniter->handleRequest(null, Object(Config\Cache), false)
 9 FCPATH\index.php(55): CodeIgniter\CodeIgniter->run()
10 SYSTEMPATH\Commands\Server\rewrite.php(43): require_once('FCPATH\\index.php')
CRITICAL - 2022-07-31 14:37:29 --> Undefined array key "HTTP_REFERER"
in APPPATH\Views\tickets\show.php on line 8.
 1 APPPATH\Views\tickets\show.php(8): CodeIgniter\Debug\Exceptions->errorHandler(2, 'Undefined array key "HTTP_REFERER"', 'APPPATH\\Views\\tickets\\show.php', 8)
 2 SYSTEMPATH\View\View.php(213): include('APPPATH\\Views\\tickets\\show.php')
 3 SYSTEMPATH\View\View.php(216): CodeIgniter\View\View->CodeIgniter\View\{closure}()
 4 SYSTEMPATH\Common.php(1135): CodeIgniter\View\View->render('tickets/show', [], true)
 5 APPPATH\Controllers\TicketController.php(75): view('tickets/show', [...])
 6 SYSTEMPATH\CodeIgniter.php(896): App\Controllers\TicketController->show('19')
 7 SYSTEMPATH\CodeIgniter.php(466): CodeIgniter\CodeIgniter->runController(Object(App\Controllers\TicketController))
 8 SYSTEMPATH\CodeIgniter.php(349): CodeIgniter\CodeIgniter->handleRequest(null, Object(Config\Cache), false)
 9 FCPATH\index.php(55): CodeIgniter\CodeIgniter->run()
10 SYSTEMPATH\Commands\Server\rewrite.php(43): require_once('FCPATH\\index.php')
CRITICAL - 2022-07-31 14:57:03 --> Undefined array key "HTTP_REFERER"
in APPPATH\Views\tickets\show.php on line 8.
 1 APPPATH\Views\tickets\show.php(8): CodeIgniter\Debug\Exceptions->errorHandler(2, 'Undefined array key "HTTP_REFERER"', 'APPPATH\\Views\\tickets\\show.php', 8)
 2 SYSTEMPATH\View\View.php(213): include('APPPATH\\Views\\tickets\\show.php')
 3 SYSTEMPATH\View\View.php(216): CodeIgniter\View\View->CodeIgniter\View\{closure}()
 4 SYSTEMPATH\Common.php(1135): CodeIgniter\View\View->render('tickets/show', [], true)
 5 APPPATH\Controllers\TicketController.php(75): view('tickets/show', [...])
 6 SYSTEMPATH\CodeIgniter.php(896): App\Controllers\TicketController->show('19')
 7 SYSTEMPATH\CodeIgniter.php(466): CodeIgniter\CodeIgniter->runController(Object(App\Controllers\TicketController))
 8 SYSTEMPATH\CodeIgniter.php(349): CodeIgniter\CodeIgniter->handleRequest(null, Object(Config\Cache), false)
 9 FCPATH\index.php(55): CodeIgniter\CodeIgniter->run()
10 SYSTEMPATH\Commands\Server\rewrite.php(43): require_once('FCPATH\\index.php')
CRITICAL - 2022-07-31 14:57:22 --> Undefined array key "HTTP_REFERER"
in APPPATH\Views\tickets\show.php on line 8.
 1 APPPATH\Views\tickets\show.php(8): CodeIgniter\Debug\Exceptions->errorHandler(2, 'Undefined array key "HTTP_REFERER"', 'APPPATH\\Views\\tickets\\show.php', 8)
 2 SYSTEMPATH\View\View.php(213): include('APPPATH\\Views\\tickets\\show.php')
 3 SYSTEMPATH\View\View.php(216): CodeIgniter\View\View->CodeIgniter\View\{closure}()
 4 SYSTEMPATH\Common.php(1135): CodeIgniter\View\View->render('tickets/show', [], true)
 5 APPPATH\Controllers\TicketController.php(75): view('tickets/show', [...])
 6 SYSTEMPATH\CodeIgniter.php(896): App\Controllers\TicketController->show('19')
 7 SYSTEMPATH\CodeIgniter.php(466): CodeIgniter\CodeIgniter->runController(Object(App\Controllers\TicketController))
 8 SYSTEMPATH\CodeIgniter.php(349): CodeIgniter\CodeIgniter->handleRequest(null, Object(Config\Cache), false)
 9 FCPATH\index.php(55): CodeIgniter\CodeIgniter->run()
10 SYSTEMPATH\Commands\Server\rewrite.php(43): require_once('FCPATH\\index.php')
CRITICAL - 2022-07-31 15:41:01 --> Undefined variable $areas
in APPPATH\Views\tickets\create.php on line 54.
 1 APPPATH\Views\tickets\create.php(54): CodeIgniter\Debug\Exceptions->errorHandler(2, 'Undefined variable $areas', 'APPPATH\\Views\\tickets\\create.php', 54)
 2 SYSTEMPATH\View\View.php(213): include('APPPATH\\Views\\tickets\\create.php')
 3 SYSTEMPATH\View\View.php(216): CodeIgniter\View\View->CodeIgniter\View\{closure}()
 4 SYSTEMPATH\Common.php(1135): CodeIgniter\View\View->render('tickets/create', [], true)
 5 APPPATH\Controllers\TicketController.php(87): view('tickets/create')
 6 SYSTEMPATH\CodeIgniter.php(896): App\Controllers\TicketController->new()
 7 SYSTEMPATH\CodeIgniter.php(466): CodeIgniter\CodeIgniter->runController(Object(App\Controllers\TicketController))
 8 SYSTEMPATH\CodeIgniter.php(349): CodeIgniter\CodeIgniter->handleRequest(null, Object(Config\Cache), false)
 9 FCPATH\index.php(55): CodeIgniter\CodeIgniter->run()
10 SYSTEMPATH\Commands\Server\rewrite.php(43): require_once('FCPATH\\index.php')
CRITICAL - 2022-07-31 16:04:17 --> Undefined variable $areas
in APPPATH\Views\tickets\create.php on line 56.
 1 APPPATH\Views\tickets\create.php(56): CodeIgniter\Debug\Exceptions->errorHandler(2, 'Undefined variable $areas', 'APPPATH\\Views\\tickets\\create.php', 56)
 2 SYSTEMPATH\View\View.php(213): include('APPPATH\\Views\\tickets\\create.php')
 3 SYSTEMPATH\View\View.php(216): CodeIgniter\View\View->CodeIgniter\View\{closure}()
 4 SYSTEMPATH\Common.php(1135): CodeIgniter\View\View->render('tickets/create', [], true)
 5 APPPATH\Controllers\TicketController.php(121): view('tickets/create', [...])
 6 SYSTEMPATH\CodeIgniter.php(896): App\Controllers\TicketController->create()
 7 SYSTEMPATH\CodeIgniter.php(466): CodeIgniter\CodeIgniter->runController(Object(App\Controllers\TicketController))
 8 SYSTEMPATH\CodeIgniter.php(349): CodeIgniter\CodeIgniter->handleRequest(null, Object(Config\Cache), false)
 9 FCPATH\index.php(55): CodeIgniter\CodeIgniter->run()
10 SYSTEMPATH\Commands\Server\rewrite.php(43): require_once('FCPATH\\index.php')
CRITICAL - 2022-07-31 16:06:37 --> Undefined variable $areas
in APPPATH\Views\tickets\create.php on line 56.
 1 APPPATH\Views\tickets\create.php(56): CodeIgniter\Debug\Exceptions->errorHandler(2, 'Undefined variable $areas', 'APPPATH\\Views\\tickets\\create.php', 56)
 2 SYSTEMPATH\View\View.php(213): include('APPPATH\\Views\\tickets\\create.php')
 3 SYSTEMPATH\View\View.php(216): CodeIgniter\View\View->CodeIgniter\View\{closure}()
 4 SYSTEMPATH\Common.php(1135): CodeIgniter\View\View->render('tickets/create', [], true)
 5 APPPATH\Controllers\TicketController.php(125): view('tickets/create', [...])
 6 SYSTEMPATH\CodeIgniter.php(896): App\Controllers\TicketController->create()
 7 SYSTEMPATH\CodeIgniter.php(466): CodeIgniter\CodeIgniter->runController(Object(App\Controllers\TicketController))
 8 SYSTEMPATH\CodeIgniter.php(349): CodeIgniter\CodeIgniter->handleRequest(null, Object(Config\Cache), false)
 9 FCPATH\index.php(55): CodeIgniter\CodeIgniter->run()
10 SYSTEMPATH\Commands\Server\rewrite.php(43): require_once('FCPATH\\index.php')
CRITICAL - 2022-07-31 16:06:39 --> Call to a member function findAll() on string
in APPPATH\Controllers\TicketController.php on line 98.
 1 SYSTEMPATH\CodeIgniter.php(896): App\Controllers\TicketController->new()
 2 SYSTEMPATH\CodeIgniter.php(466): CodeIgniter\CodeIgniter->runController(Object(App\Controllers\TicketController))
 3 SYSTEMPATH\CodeIgniter.php(349): CodeIgniter\CodeIgniter->handleRequest(null, Object(Config\Cache), false)
 4 FCPATH\index.php(55): CodeIgniter\CodeIgniter->run()
 5 SYSTEMPATH\Commands\Server\rewrite.php(43): require_once('FCPATH\\index.php')
CRITICAL - 2022-07-31 16:07:04 --> Call to a member function findAll() on string
in APPPATH\Controllers\TicketController.php on line 98.
 1 SYSTEMPATH\CodeIgniter.php(896): App\Controllers\TicketController->new()
 2 SYSTEMPATH\CodeIgniter.php(466): CodeIgniter\CodeIgniter->runController(Object(App\Controllers\TicketController))
 3 SYSTEMPATH\CodeIgniter.php(349): CodeIgniter\CodeIgniter->handleRequest(null, Object(Config\Cache), false)
 4 FCPATH\index.php(55): CodeIgniter\CodeIgniter->run()
 5 SYSTEMPATH\Commands\Server\rewrite.php(43): require_once('FCPATH\\index.php')
CRITICAL - 2022-07-31 16:07:26 --> Call to a member function findAll() on string
in APPPATH\Controllers\TicketController.php on line 98.
 1 SYSTEMPATH\CodeIgniter.php(896): App\Controllers\TicketController->new()
 2 SYSTEMPATH\CodeIgniter.php(466): CodeIgniter\CodeIgniter->runController(Object(App\Controllers\TicketController))
 3 SYSTEMPATH\CodeIgniter.php(349): CodeIgniter\CodeIgniter->handleRequest(null, Object(Config\Cache), false)
 4 FCPATH\index.php(55): CodeIgniter\CodeIgniter->run()
 5 SYSTEMPATH\Commands\Server\rewrite.php(43): require_once('FCPATH\\index.php')
CRITICAL - 2022-07-31 16:07:31 --> Call to a member function findAll() on string
in APPPATH\Controllers\TicketController.php on line 98.
 1 SYSTEMPATH\CodeIgniter.php(896): App\Controllers\TicketController->new()
 2 SYSTEMPATH\CodeIgniter.php(466): CodeIgniter\CodeIgniter->runController(Object(App\Controllers\TicketController))
 3 SYSTEMPATH\CodeIgniter.php(349): CodeIgniter\CodeIgniter->handleRequest(null, Object(Config\Cache), false)
 4 FCPATH\index.php(55): CodeIgniter\CodeIgniter->run()
 5 SYSTEMPATH\Commands\Server\rewrite.php(43): require_once('FCPATH\\index.php')
CRITICAL - 2022-07-31 16:11:07 --> Undefined variable $areas
in APPPATH\Views\tickets\create.php on line 56.
 1 APPPATH\Views\tickets\create.php(56): CodeIgniter\Debug\Exceptions->errorHandler(2, 'Undefined variable $areas', 'APPPATH\\Views\\tickets\\create.php', 56)
 2 SYSTEMPATH\View\View.php(213): include('APPPATH\\Views\\tickets\\create.php')
 3 SYSTEMPATH\View\View.php(216): CodeIgniter\View\View->CodeIgniter\View\{closure}()
 4 SYSTEMPATH\Common.php(1135): CodeIgniter\View\View->render('tickets/create', [], true)
 5 APPPATH\Controllers\TicketController.php(130): view('tickets/create', [...])
 6 SYSTEMPATH\CodeIgniter.php(896): App\Controllers\TicketController->create()
 7 SYSTEMPATH\CodeIgniter.php(466): CodeIgniter\CodeIgniter->runController(Object(App\Controllers\TicketController))
 8 SYSTEMPATH\CodeIgniter.php(349): CodeIgniter\CodeIgniter->handleRequest(null, Object(Config\Cache), false)
 9 FCPATH\index.php(55): CodeIgniter\CodeIgniter->run()
10 SYSTEMPATH\Commands\Server\rewrite.php(43): require_once('FCPATH\\index.php')
CRITICAL - 2022-07-31 16:17:58 --> Undefined variable $areas
in APPPATH\Views\tickets\create.php on line 56.
 1 APPPATH\Views\tickets\create.php(56): CodeIgniter\Debug\Exceptions->errorHandler(2, 'Undefined variable $areas', 'APPPATH\\Views\\tickets\\create.php', 56)
 2 SYSTEMPATH\View\View.php(213): include('APPPATH\\Views\\tickets\\create.php')
 3 SYSTEMPATH\View\View.php(216): CodeIgniter\View\View->CodeIgniter\View\{closure}()
 4 SYSTEMPATH\Common.php(1135): CodeIgniter\View\View->render('tickets/create', [], true)
 5 APPPATH\Controllers\TicketController.php(130): view('tickets/create', [...])
 6 SYSTEMPATH\CodeIgniter.php(896): App\Controllers\TicketController->create()
 7 SYSTEMPATH\CodeIgniter.php(466): CodeIgniter\CodeIgniter->runController(Object(App\Controllers\TicketController))
 8 SYSTEMPATH\CodeIgniter.php(349): CodeIgniter\CodeIgniter->handleRequest(null, Object(Config\Cache), false)
 9 FCPATH\index.php(55): CodeIgniter\CodeIgniter->run()
10 SYSTEMPATH\Commands\Server\rewrite.php(43): require_once('FCPATH\\index.php')
CRITICAL - 2022-07-31 16:18:00 --> compact(): Undefined variable $Nuevo ticket de soporte
in APPPATH\Controllers\TicketController.php on line 108.
 1 [internal function]: CodeIgniter\Debug\Exceptions->errorHandler(2, 'compact(): Undefined variable $Nuevo ticket de soporte', 'APPPATH\\Controllers\\TicketController.php', 108)
 2 APPPATH\Controllers\TicketController.php(108): compact([...])
 3 SYSTEMPATH\CodeIgniter.php(896): App\Controllers\TicketController->new()
 4 SYSTEMPATH\CodeIgniter.php(466): CodeIgniter\CodeIgniter->runController(Object(App\Controllers\TicketController))
 5 SYSTEMPATH\CodeIgniter.php(349): CodeIgniter\CodeIgniter->handleRequest(null, Object(Config\Cache), false)
 6 FCPATH\index.php(55): CodeIgniter\CodeIgniter->run()
 7 SYSTEMPATH\Commands\Server\rewrite.php(43): require_once('FCPATH\\index.php')
CRITICAL - 2022-07-31 16:18:07 --> compact(): Undefined variable $Nuevo ticket de soporte
in APPPATH\Controllers\TicketController.php on line 108.
 1 [internal function]: CodeIgniter\Debug\Exceptions->errorHandler(2, 'compact(): Undefined variable $Nuevo ticket de soporte', 'APPPATH\\Controllers\\TicketController.php', 108)
 2 APPPATH\Controllers\TicketController.php(108): compact([...])
 3 SYSTEMPATH\CodeIgniter.php(896): App\Controllers\TicketController->new()
 4 SYSTEMPATH\CodeIgniter.php(466): CodeIgniter\CodeIgniter->runController(Object(App\Controllers\TicketController))
 5 SYSTEMPATH\CodeIgniter.php(349): CodeIgniter\CodeIgniter->handleRequest(null, Object(Config\Cache), false)
 6 FCPATH\index.php(55): CodeIgniter\CodeIgniter->run()
 7 SYSTEMPATH\Commands\Server\rewrite.php(43): require_once('FCPATH\\index.php')
CRITICAL - 2022-07-31 16:18:35 --> Undefined variable $areas
in APPPATH\Views\tickets\create.php on line 56.
 1 APPPATH\Views\tickets\create.php(56): CodeIgniter\Debug\Exceptions->errorHandler(2, 'Undefined variable $areas', 'APPPATH\\Views\\tickets\\create.php', 56)
 2 SYSTEMPATH\View\View.php(213): include('APPPATH\\Views\\tickets\\create.php')
 3 SYSTEMPATH\View\View.php(216): CodeIgniter\View\View->CodeIgniter\View\{closure}()
 4 SYSTEMPATH\Common.php(1135): CodeIgniter\View\View->render('tickets/create', [], true)
 5 APPPATH\Controllers\TicketController.php(108): view('tickets/create', [...])
 6 SYSTEMPATH\CodeIgniter.php(896): App\Controllers\TicketController->new()
 7 SYSTEMPATH\CodeIgniter.php(466): CodeIgniter\CodeIgniter->runController(Object(App\Controllers\TicketController))
 8 SYSTEMPATH\CodeIgniter.php(349): CodeIgniter\CodeIgniter->handleRequest(null, Object(Config\Cache), false)
 9 FCPATH\index.php(55): CodeIgniter\CodeIgniter->run()
10 SYSTEMPATH\Commands\Server\rewrite.php(43): require_once('FCPATH\\index.php')
CRITICAL - 2022-07-31 16:20:23 --> Undefined variable $areas
in APPPATH\Views\tickets\create.php on line 56.
 1 APPPATH\Views\tickets\create.php(56): CodeIgniter\Debug\Exceptions->errorHandler(2, 'Undefined variable $areas', 'APPPATH\\Views\\tickets\\create.php', 56)
 2 SYSTEMPATH\View\View.php(213): include('APPPATH\\Views\\tickets\\create.php')
 3 SYSTEMPATH\View\View.php(216): CodeIgniter\View\View->CodeIgniter\View\{closure}()
 4 SYSTEMPATH\Common.php(1135): CodeIgniter\View\View->render('tickets/create', [], true)
 5 APPPATH\Controllers\TicketController.php(108): view('tickets/create', [...])
 6 SYSTEMPATH\CodeIgniter.php(896): App\Controllers\TicketController->new()
 7 SYSTEMPATH\CodeIgniter.php(466): CodeIgniter\CodeIgniter->runController(Object(App\Controllers\TicketController))
 8 SYSTEMPATH\CodeIgniter.php(349): CodeIgniter\CodeIgniter->handleRequest(null, Object(Config\Cache), false)
 9 FCPATH\index.php(55): CodeIgniter\CodeIgniter->run()
10 SYSTEMPATH\Commands\Server\rewrite.php(43): require_once('FCPATH\\index.php')
CRITICAL - 2022-07-31 16:20:28 --> Undefined variable $areas
in APPPATH\Views\tickets\create.php on line 56.
 1 APPPATH\Views\tickets\create.php(56): CodeIgniter\Debug\Exceptions->errorHandler(2, 'Undefined variable $areas', 'APPPATH\\Views\\tickets\\create.php', 56)
 2 SYSTEMPATH\View\View.php(213): include('APPPATH\\Views\\tickets\\create.php')
 3 SYSTEMPATH\View\View.php(216): CodeIgniter\View\View->CodeIgniter\View\{closure}()
 4 SYSTEMPATH\Common.php(1135): CodeIgniter\View\View->render('tickets/create', [], true)
 5 APPPATH\Controllers\TicketController.php(108): view('tickets/create', [...])
 6 SYSTEMPATH\CodeIgniter.php(896): App\Controllers\TicketController->new()
 7 SYSTEMPATH\CodeIgniter.php(466): CodeIgniter\CodeIgniter->runController(Object(App\Controllers\TicketController))
 8 SYSTEMPATH\CodeIgniter.php(349): CodeIgniter\CodeIgniter->handleRequest(null, Object(Config\Cache), false)
 9 FCPATH\index.php(55): CodeIgniter\CodeIgniter->run()
10 SYSTEMPATH\Commands\Server\rewrite.php(43): require_once('FCPATH\\index.php')
CRITICAL - 2022-07-31 16:22:26 --> Invalid file: tickets/new.php
in SYSTEMPATH\Exceptions\FrameworkException.php on line 33.
 1 SYSTEMPATH\View\View.php(201): CodeIgniter\Exceptions\FrameworkException::forInvalidFile('tickets/new.php')
 2 SYSTEMPATH\Common.php(1135): CodeIgniter\View\View->render('tickets/new', [], true)
 3 APPPATH\Controllers\TicketController.php(103): view('tickets/new', [...])
 4 SYSTEMPATH\CodeIgniter.php(896): App\Controllers\TicketController->new()
 5 SYSTEMPATH\CodeIgniter.php(466): CodeIgniter\CodeIgniter->runController(Object(App\Controllers\TicketController))
 6 SYSTEMPATH\CodeIgniter.php(349): CodeIgniter\CodeIgniter->handleRequest(null, Object(Config\Cache), false)
 7 FCPATH\index.php(55): CodeIgniter\CodeIgniter->run()
 8 SYSTEMPATH\Commands\Server\rewrite.php(43): require_once('FCPATH\\index.php')
CRITICAL - 2022-07-31 16:24:24 --> Undefined variable $areas
in APPPATH\Views\tickets\create.php on line 56.
 1 APPPATH\Views\tickets\create.php(56): CodeIgniter\Debug\Exceptions->errorHandler(2, 'Undefined variable $areas', 'APPPATH\\Views\\tickets\\create.php', 56)
 2 SYSTEMPATH\View\View.php(213): include('APPPATH\\Views\\tickets\\create.php')
 3 SYSTEMPATH\View\View.php(216): CodeIgniter\View\View->CodeIgniter\View\{closure}()
 4 SYSTEMPATH\Common.php(1135): CodeIgniter\View\View->render('tickets/create', [], true)
 5 APPPATH\Controllers\TicketController.php(125): view('tickets/create', [...])
 6 SYSTEMPATH\CodeIgniter.php(896): App\Controllers\TicketController->create()
 7 SYSTEMPATH\CodeIgniter.php(466): CodeIgniter\CodeIgniter->runController(Object(App\Controllers\TicketController))
 8 SYSTEMPATH\CodeIgniter.php(349): CodeIgniter\CodeIgniter->handleRequest(null, Object(Config\Cache), false)
 9 FCPATH\index.php(55): CodeIgniter\CodeIgniter->run()
10 SYSTEMPATH\Commands\Server\rewrite.php(43): require_once('FCPATH\\index.php')
CRITICAL - 2022-07-31 16:27:20 --> Undefined variable $areas
in APPPATH\Views\tickets\create.php on line 56.
 1 APPPATH\Views\tickets\create.php(56): CodeIgniter\Debug\Exceptions->errorHandler(2, 'Undefined variable $areas', 'APPPATH\\Views\\tickets\\create.php', 56)
 2 SYSTEMPATH\View\View.php(213): include('APPPATH\\Views\\tickets\\create.php')
 3 SYSTEMPATH\View\View.php(216): CodeIgniter\View\View->CodeIgniter\View\{closure}()
 4 SYSTEMPATH\Common.php(1135): CodeIgniter\View\View->render('tickets/create', [], true)
 5 APPPATH\Controllers\TicketController.php(125): view('tickets/create', [...])
 6 SYSTEMPATH\CodeIgniter.php(896): App\Controllers\TicketController->create()
 7 SYSTEMPATH\CodeIgniter.php(466): CodeIgniter\CodeIgniter->runController(Object(App\Controllers\TicketController))
 8 SYSTEMPATH\CodeIgniter.php(349): CodeIgniter\CodeIgniter->handleRequest(null, Object(Config\Cache), false)
 9 FCPATH\index.php(55): CodeIgniter\CodeIgniter->run()
10 SYSTEMPATH\Commands\Server\rewrite.php(43): require_once('FCPATH\\index.php')
CRITICAL - 2022-07-31 17:05:42 --> Undefined variable $areas
in APPPATH\Views\tickets\edit.php on line 57.
 1 APPPATH\Views\tickets\edit.php(57): CodeIgniter\Debug\Exceptions->errorHandler(2, 'Undefined variable $areas', 'APPPATH\\Views\\tickets\\edit.php', 57)
 2 SYSTEMPATH\View\View.php(213): include('APPPATH\\Views\\tickets\\edit.php')
 3 SYSTEMPATH\View\View.php(216): CodeIgniter\View\View->CodeIgniter\View\{closure}()
 4 SYSTEMPATH\Common.php(1135): CodeIgniter\View\View->render('tickets/edit', [], true)
 5 APPPATH\Controllers\TicketController.php(157): view('tickets/edit', [...])
 6 SYSTEMPATH\CodeIgniter.php(896): App\Controllers\TicketController->edit('23')
 7 SYSTEMPATH\CodeIgniter.php(466): CodeIgniter\CodeIgniter->runController(Object(App\Controllers\TicketController))
 8 SYSTEMPATH\CodeIgniter.php(349): CodeIgniter\CodeIgniter->handleRequest(null, Object(Config\Cache), false)
 9 FCPATH\index.php(55): CodeIgniter\CodeIgniter->run()
10 SYSTEMPATH\Commands\Server\rewrite.php(43): require_once('FCPATH\\index.php')
CRITICAL - 2022-07-31 17:06:58 --> Undefined variable $ticket
in APPPATH\Views\tickets\edit.php on line 14.
 1 APPPATH\Views\tickets\edit.php(14): CodeIgniter\Debug\Exceptions->errorHandler(2, 'Undefined variable $ticket', 'APPPATH\\Views\\tickets\\edit.php', 14)
 2 SYSTEMPATH\View\View.php(213): include('APPPATH\\Views\\tickets\\edit.php')
 3 SYSTEMPATH\View\View.php(216): CodeIgniter\View\View->CodeIgniter\View\{closure}()
 4 SYSTEMPATH\Common.php(1135): CodeIgniter\View\View->render('tickets/edit', [], true)
 5 APPPATH\Controllers\TicketController.php(173): view('tickets/edit', [...])
 6 SYSTEMPATH\CodeIgniter.php(896): App\Controllers\TicketController->edit('23')
 7 SYSTEMPATH\CodeIgniter.php(466): CodeIgniter\CodeIgniter->runController(Object(App\Controllers\TicketController))
 8 SYSTEMPATH\CodeIgniter.php(349): CodeIgniter\CodeIgniter->handleRequest(null, Object(Config\Cache), false)
 9 FCPATH\index.php(55): CodeIgniter\CodeIgniter->run()
10 SYSTEMPATH\Commands\Server\rewrite.php(43): require_once('FCPATH\\index.php')
CRITICAL - 2022-07-31 17:13:00 --> Undefined variable $post
in APPPATH\Views\tickets\show.php on line 134.
 1 APPPATH\Views\tickets\show.php(134): CodeIgniter\Debug\Exceptions->errorHandler(2, 'Undefined variable $post', 'APPPATH\\Views\\tickets\\show.php', 134)
 2 SYSTEMPATH\View\View.php(213): include('APPPATH\\Views\\tickets\\show.php')
 3 SYSTEMPATH\View\View.php(216): CodeIgniter\View\View->CodeIgniter\View\{closure}()
 4 SYSTEMPATH\Common.php(1135): CodeIgniter\View\View->render('tickets/show', [], true)
 5 APPPATH\Controllers\TicketController.php(79): view('tickets/show', [...])
 6 SYSTEMPATH\CodeIgniter.php(896): App\Controllers\TicketController->show('23')
 7 SYSTEMPATH\CodeIgniter.php(466): CodeIgniter\CodeIgniter->runController(Object(App\Controllers\TicketController))
 8 SYSTEMPATH\CodeIgniter.php(349): CodeIgniter\CodeIgniter->handleRequest(null, Object(Config\Cache), false)
 9 FCPATH\index.php(55): CodeIgniter\CodeIgniter->run()
10 SYSTEMPATH\Commands\Server\rewrite.php(43): require_once('FCPATH\\index.php')
CRITICAL - 2022-07-31 17:19:30 --> syntax error, unexpected token "echo"
in APPPATH\Views\tickets\edit.php on line 14.
 1 SYSTEMPATH\View\View.php(216): CodeIgniter\View\View->CodeIgniter\View\{closure}()
 2 SYSTEMPATH\Common.php(1135): CodeIgniter\View\View->render('tickets/edit', [], true)
 3 APPPATH\Controllers\TicketController.php(173): view('tickets/edit', [...])
 4 SYSTEMPATH\CodeIgniter.php(896): App\Controllers\TicketController->edit('22')
 5 SYSTEMPATH\CodeIgniter.php(466): CodeIgniter\CodeIgniter->runController(Object(App\Controllers\TicketController))
 6 SYSTEMPATH\CodeIgniter.php(349): CodeIgniter\CodeIgniter->handleRequest(null, Object(Config\Cache), false)
 7 FCPATH\index.php(55): CodeIgniter\CodeIgniter->run()
 8 SYSTEMPATH\Commands\Server\rewrite.php(43): require_once('FCPATH\\index.php')
CRITICAL - 2022-07-31 17:35:41 --> Undefined variable $ticket
in APPPATH\Views\tickets\edit.php on line 14.
 1 APPPATH\Views\tickets\edit.php(14): CodeIgniter\Debug\Exceptions->errorHandler(2, 'Undefined variable $ticket', 'APPPATH\\Views\\tickets\\edit.php', 14)
 2 SYSTEMPATH\View\View.php(213): include('APPPATH\\Views\\tickets\\edit.php')
 3 SYSTEMPATH\View\View.php(216): CodeIgniter\View\View->CodeIgniter\View\{closure}()
 4 SYSTEMPATH\Common.php(1135): CodeIgniter\View\View->render('tickets/edit', [], true)
 5 APPPATH\Controllers\TicketController.php(200): view('tickets/edit', [...])
 6 SYSTEMPATH\CodeIgniter.php(896): App\Controllers\TicketController->update('26')
 7 SYSTEMPATH\CodeIgniter.php(466): CodeIgniter\CodeIgniter->runController(Object(App\Controllers\TicketController))
 8 SYSTEMPATH\CodeIgniter.php(349): CodeIgniter\CodeIgniter->handleRequest(null, Object(Config\Cache), false)
 9 FCPATH\index.php(55): CodeIgniter\CodeIgniter->run()
10 SYSTEMPATH\Commands\Server\rewrite.php(43): require_once('FCPATH\\index.php')
CRITICAL - 2022-07-31 17:38:58 --> Undefined variable $areas
in APPPATH\Views\tickets\create.php on line 56.
 1 APPPATH\Views\tickets\create.php(56): CodeIgniter\Debug\Exceptions->errorHandler(2, 'Undefined variable $areas', 'APPPATH\\Views\\tickets\\create.php', 56)
 2 SYSTEMPATH\View\View.php(213): include('APPPATH\\Views\\tickets\\create.php')
 3 SYSTEMPATH\View\View.php(216): CodeIgniter\View\View->CodeIgniter\View\{closure}()
 4 SYSTEMPATH\Common.php(1135): CodeIgniter\View\View->render('tickets/create', [], true)
 5 APPPATH\Controllers\TicketController.php(200): view('tickets/create', [...])
 6 SYSTEMPATH\CodeIgniter.php(896): App\Controllers\TicketController->update('26')
 7 SYSTEMPATH\CodeIgniter.php(466): CodeIgniter\CodeIgniter->runController(Object(App\Controllers\TicketController))
 8 SYSTEMPATH\CodeIgniter.php(349): CodeIgniter\CodeIgniter->handleRequest(null, Object(Config\Cache), false)
 9 FCPATH\index.php(55): CodeIgniter\CodeIgniter->run()
10 SYSTEMPATH\Commands\Server\rewrite.php(43): require_once('FCPATH\\index.php')
CRITICAL - 2022-07-31 23:46:22 --> date_format(): Argument #1 ($object) must be of type DateTimeInterface, string given
in APPPATH\Views\kanban\index.php on line 30.
 1 APPPATH\Views\kanban\index.php(30): date_format('updated_at', 'Y-m-d')
 2 SYSTEMPATH\View\View.php(213): include('APPPATH\\Views\\kanban\\index.php')
 3 SYSTEMPATH\View\View.php(216): CodeIgniter\View\View->CodeIgniter\View\{closure}()
 4 SYSTEMPATH\Common.php(1135): CodeIgniter\View\View->render('kanban/index', [], true)
 5 APPPATH\Controllers\KanbanController.php(24): view('kanban/index', [...])
 6 SYSTEMPATH\CodeIgniter.php(896): App\Controllers\KanbanController->index()
 7 SYSTEMPATH\CodeIgniter.php(466): CodeIgniter\CodeIgniter->runController(Object(App\Controllers\KanbanController))
 8 SYSTEMPATH\CodeIgniter.php(349): CodeIgniter\CodeIgniter->handleRequest(null, Object(Config\Cache), false)
 9 FCPATH\index.php(55): CodeIgniter\CodeIgniter->run()
10 SYSTEMPATH\Commands\Server\rewrite.php(43): require_once('FCPATH\\index.php')
CRITICAL - 2022-07-31 23:55:40 --> Attempt to read property "created_at" on array
in APPPATH\Views\kanban\index.php on line 30.
 1 APPPATH\Views\kanban\index.php(30): CodeIgniter\Debug\Exceptions->errorHandler(2, 'Attempt to read property "created_at" on array', 'APPPATH\\Views\\kanban\\index.php', 30)
 2 SYSTEMPATH\View\View.php(213): include('APPPATH\\Views\\kanban\\index.php')
 3 SYSTEMPATH\View\View.php(216): CodeIgniter\View\View->CodeIgniter\View\{closure}()
 4 SYSTEMPATH\Common.php(1135): CodeIgniter\View\View->render('kanban/index', [], true)
 5 APPPATH\Controllers\KanbanController.php(24): view('kanban/index', [...])
 6 SYSTEMPATH\CodeIgniter.php(896): App\Controllers\KanbanController->index()
 7 SYSTEMPATH\CodeIgniter.php(466): CodeIgniter\CodeIgniter->runController(Object(App\Controllers\KanbanController))
 8 SYSTEMPATH\CodeIgniter.php(349): CodeIgniter\CodeIgniter->handleRequest(null, Object(Config\Cache), false)
 9 FCPATH\index.php(55): CodeIgniter\CodeIgniter->run()
10 SYSTEMPATH\Commands\Server\rewrite.php(43): require_once('FCPATH\\index.php')
CRITICAL - 2022-07-31 23:56:12 --> Array callback must have exactly two elements
in APPPATH\Views\kanban\index.php on line 30.
 1 SYSTEMPATH\View\View.php(213): include()
 2 SYSTEMPATH\View\View.php(216): CodeIgniter\View\View->CodeIgniter\View\{closure}()
 3 SYSTEMPATH\Common.php(1135): CodeIgniter\View\View->render('kanban/index', [], true)
 4 APPPATH\Controllers\KanbanController.php(24): view('kanban/index', [...])
 5 SYSTEMPATH\CodeIgniter.php(896): App\Controllers\KanbanController->index()
 6 SYSTEMPATH\CodeIgniter.php(466): CodeIgniter\CodeIgniter->runController(Object(App\Controllers\KanbanController))
 7 SYSTEMPATH\CodeIgniter.php(349): CodeIgniter\CodeIgniter->handleRequest(null, Object(Config\Cache), false)
 8 FCPATH\index.php(55): CodeIgniter\CodeIgniter->run()
 9 SYSTEMPATH\Commands\Server\rewrite.php(43): require_once('FCPATH\\index.php')
CRITICAL - 2022-07-31 23:59:07 --> date_format(): Argument #1 ($object) must be of type DateTimeInterface, string given
in APPPATH\Views\kanban\index.php on line 31.
 1 APPPATH\Views\kanban\index.php(31): date_format('2022-07-31 22:59:59', 'd-M-Y H:i:s')
 2 SYSTEMPATH\View\View.php(213): include('APPPATH\\Views\\kanban\\index.php')
 3 SYSTEMPATH\View\View.php(216): CodeIgniter\View\View->CodeIgniter\View\{closure}()
 4 SYSTEMPATH\Common.php(1135): CodeIgniter\View\View->render('kanban/index', [], true)
 5 APPPATH\Controllers\KanbanController.php(24): view('kanban/index', [...])
 6 SYSTEMPATH\CodeIgniter.php(896): App\Controllers\KanbanController->index()
 7 SYSTEMPATH\CodeIgniter.php(466): CodeIgniter\CodeIgniter->runController(Object(App\Controllers\KanbanController))
 8 SYSTEMPATH\CodeIgniter.php(349): CodeIgniter\CodeIgniter->handleRequest(null, Object(Config\Cache), false)
 9 FCPATH\index.php(55): CodeIgniter\CodeIgniter->run()
10 SYSTEMPATH\Commands\Server\rewrite.php(43): require_once('FCPATH\\index.php')
CRITICAL - 2022-07-31 23:59:21 --> date_format(): Argument #1 ($object) must be of type DateTimeInterface, string given
in APPPATH\Views\kanban\index.php on line 31.
 1 APPPATH\Views\kanban\index.php(31): date_format('2022-07-31 22:59:59', 'd-M-Y H:i:s')
 2 SYSTEMPATH\View\View.php(213): include('APPPATH\\Views\\kanban\\index.php')
 3 SYSTEMPATH\View\View.php(216): CodeIgniter\View\View->CodeIgniter\View\{closure}()
 4 SYSTEMPATH\Common.php(1135): CodeIgniter\View\View->render('kanban/index', [], true)
 5 APPPATH\Controllers\KanbanController.php(24): view('kanban/index', [...])
 6 SYSTEMPATH\CodeIgniter.php(896): App\Controllers\KanbanController->index()
 7 SYSTEMPATH\CodeIgniter.php(466): CodeIgniter\CodeIgniter->runController(Object(App\Controllers\KanbanController))
 8 SYSTEMPATH\CodeIgniter.php(349): CodeIgniter\CodeIgniter->handleRequest(null, Object(Config\Cache), false)
 9 FCPATH\index.php(55): CodeIgniter\CodeIgniter->run()
10 SYSTEMPATH\Commands\Server\rewrite.php(43): require_once('FCPATH\\index.php')
